<?xml version="1.0" encoding="UTF-8"?>
<testng-results skipped="0" failed="0" ignored="0" total="1" passed="1">
  <reporter-output>
  </reporter-output>
  <suite name="Default suite" duration-ms="12179" started-at="2022-06-06T02:28:42Z" finished-at="2022-06-06T02:28:54Z">
    <groups>
    </groups>
    <test name="Default test" duration-ms="12179" started-at="2022-06-06T02:28:42Z" finished-at="2022-06-06T02:28:54Z">
      <class name="in.plumbers.SelectLocAndAssignTask">
        <test-method status="PASS" signature="selectLocAndAssign()[pri:0, instance:in.plumbers.SelectLocAndAssignTask@2f686d1f]" name="selectLocAndAssign" duration-ms="12124" started-at="2022-06-06T02:28:42Z" finished-at="2022-06-06T02:28:54Z">
          <reporter-output>
          </reporter-output>
        </test-method> <!-- selectLocAndAssign -->
      </class> <!-- in.plumbers.SelectLocAndAssignTask -->
    </test> <!-- Default test -->
  </suite> <!-- Default suite -->
</testng-results>
